1. Running translator
2. Running preprocessor
Building causal graph...
The causal graph is not acyclic.
11 variables of 11 necessary
12 of 12 operators necessary.
0 of 0 axiom rules necessary.
Building domain transition graphs...
solveable in poly time 0
Building successor generator...
Writing output...
done

3. Running search
主流程反例求解后端: CNF/Kissat
CNF预处理开关: 关闭
CNF日志开关: basic=off, detail=off, clause=off, model=off
Simplifying transitions... done!
3
axiom:0
[IGC-CEGIS] context=fnv1a64:2a150e4ca06d90f4 vars=11 constraints=6 candidate_planner=T1 planner_timeout=3600 run_dir=/home/moyu/CE-planner/test1/CE-planner/runs/run_290709
[IGC-CEGIS] legacy internal search and subplan cache are bypassed.
[IGC-VERIFY] iteration=bootstrap plan_len=0 status=COUNTEREXAMPLE build_ms=0 solve_ms=0 extract_ms=0
[IGC-WRITER] iteration=0 mode=structured_product syntax=t1_simplified_structured counterexamples=1 visible_worlds=1 mapped_atoms=11 fixed_true=3 fixed_false=8 varying=0 unknown=0 oneof=0 or=0 selectors=0 selector_implications=0 icpces_complements=0 status=OK
[IGC-VALIDATE] basic checks passed: visible_worlds=1 mapped_atoms=11 fixed_true=3 fixed_false=8 varying=0 unknown=0 oneof=0 or=0 status=OK
[T1-RUNNER] runtime=/home/moyu/CE-planner/test1/CE-planner/runs/run_290709/iter_0000/libdnnf -> /home/moyu/CE-planner/test1/CE-planner/T1/libdnnf
[T1-RUNNER] command=cd '/home/moyu/CE-planner/test1/CE-planner/runs/run_290709/iter_0000' && '/home/moyu/CE-planner/test1/CE-planner/T1/t1' -p -x -S dqbfs -f 10 -X count -W 1 -d '/home/moyu/CE-planner/test1/CE-planner/./test/blocks/domain.pddl' -i '/home/moyu/CE-planner/test1/CE-planner/runs/run_290709/iter_0000/refined_t1_problem.pddl' > '/home/moyu/CE-planner/test1/CE-planner/runs/run_290709/iter_0000/planner.stdout' 2> '/home/moyu/CE-planner/test1/CE-planner/runs/run_290709/iter_0000/planner.stderr'
[IGC-PLANNER] planner=T1 iteration=0 status=OK
[IGC-MAP] actions=1 status=OK
[IGC-VERIFY] iteration=0 plan_len=1 status=COUNTEREXAMPLE build_ms=0 solve_ms=0 extract_ms=0
[IGC-STORE] size=2 inserted_new=yes duplicate_streak=0
[IGC-WRITER] iteration=1 mode=structured_product syntax=t1_simplified_structured counterexamples=2 visible_worlds=2 mapped_atoms=11 fixed_true=0 fixed_false=5 varying=6 unknown=6 oneof=5 or=0 selectors=0 selector_implications=0 icpces_complements=0 status=OK
[IGC-VALIDATE] basic checks passed: visible_worlds=2 mapped_atoms=11 fixed_true=0 fixed_false=5 varying=6 unknown=6 oneof=5 or=0 status=OK
[T1-RUNNER] runtime=/home/moyu/CE-planner/test1/CE-planner/runs/run_290709/iter_0001/libdnnf -> /home/moyu/CE-planner/test1/CE-planner/T1/libdnnf
[T1-RUNNER] command=cd '/home/moyu/CE-planner/test1/CE-planner/runs/run_290709/iter_0001' && '/home/moyu/CE-planner/test1/CE-planner/T1/t1' -p -x -S dqbfs -f 10 -X count -W 1 -d '/home/moyu/CE-planner/test1/CE-planner/./test/blocks/domain.pddl' -i '/home/moyu/CE-planner/test1/CE-planner/runs/run_290709/iter_0001/refined_t1_problem.pddl' > '/home/moyu/CE-planner/test1/CE-planner/runs/run_290709/iter_0001/planner.stdout' 2> '/home/moyu/CE-planner/test1/CE-planner/runs/run_290709/iter_0001/planner.stderr'
[IGC-PLANNER] planner=T1 iteration=1 status=OK
[IGC-MAP] actions=4 status=OK
[IGC-VERIFY] iteration=1 plan_len=4 status=COUNTEREXAMPLE build_ms=0 solve_ms=0 extract_ms=0
[IGC-STORE] size=3 inserted_new=yes duplicate_streak=0
[IGC-WRITER] iteration=2 mode=structured_product syntax=t1_simplified_structured counterexamples=3 visible_worlds=3 mapped_atoms=11 fixed_true=0 fixed_false=3 varying=8 unknown=8 oneof=5 or=0 selectors=0 selector_implications=0 icpces_complements=0 status=OK
[IGC-VALIDATE] basic checks passed: visible_worlds=3 mapped_atoms=11 fixed_true=0 fixed_false=3 varying=8 unknown=8 oneof=5 or=0 status=OK
[T1-RUNNER] runtime=/home/moyu/CE-planner/test1/CE-planner/runs/run_290709/iter_0002/libdnnf -> /home/moyu/CE-planner/test1/CE-planner/T1/libdnnf
[T1-RUNNER] command=cd '/home/moyu/CE-planner/test1/CE-planner/runs/run_290709/iter_0002' && '/home/moyu/CE-planner/test1/CE-planner/T1/t1' -p -x -S dqbfs -f 10 -X count -W 1 -d '/home/moyu/CE-planner/test1/CE-planner/./test/blocks/domain.pddl' -i '/home/moyu/CE-planner/test1/CE-planner/runs/run_290709/iter_0002/refined_t1_problem.pddl' > '/home/moyu/CE-planner/test1/CE-planner/runs/run_290709/iter_0002/planner.stdout' 2> '/home/moyu/CE-planner/test1/CE-planner/runs/run_290709/iter_0002/planner.stderr'
[IGC-PLANNER] planner=T1 iteration=2 status=OK
[IGC-MAP] actions=6 status=OK
[IGC-VERIFY] iteration=2 plan_len=6 status=VALID build_ms=0 solve_ms=0 extract_ms=0
[IGC-CEGIS] no counterexample found; final conformant plan accepted.
[IGC-CEGIS] final_status=VALID
